[debug] [2024-01-24T22:35:16.308Z] ----------------------------------------------------------------------
[debug] [2024-01-24T22:35:16.310Z] Command:       C:\Program Files\nodejs\node.exe C:\Users\alexa\AppData\Roaming\npm\node_modules\firebase-tools\lib\bin\firebase.js init
[debug] [2024-01-24T22:35:16.310Z] CLI Version:   13.0.3
[debug] [2024-01-24T22:35:16.310Z] Platform:      win32
[debug] [2024-01-24T22:35:16.311Z] Node Version:  v18.18.2
[debug] [2024-01-24T22:35:16.311Z] Time:          Wed Jan 24 2024 19:35:16 GMT-0300 (Horário Padrão de Brasília)
[debug] [2024-01-24T22:35:16.311Z] ----------------------------------------------------------------------
[debug] 
[debug] [2024-01-24T22:35:16.317Z] > command requires scopes: ["email","openid","https://www.googleapis.com/auth/cloudplatformprojects.readonly","https://www.googleapis.com/auth/firebase","https://www.googleapis.com/auth/cloud-platform"]
[debug] [2024-01-24T22:35:16.317Z] > authorizing via signed-in user (alexandrerussijunior@gmail.com)
[info] 
     ######## #### ########  ######## ########     ###     ######  ########
     ##        ##  ##     ## ##       ##     ##  ##   ##  ##       ##
     ######    ##  ########  ######   ########  #########  ######  ######
     ##        ##  ##    ##  ##       ##     ## ##     ##       ## ##
     ##       #### ##     ## ######## ########  ##     ##  ######  ########

You're about to initialize a Firebase project in this directory:

  C:\Dev\postech\firebase-firestore-app

Before we get started, keep in mind:

  * You are currently outside your home directory

